FAILED browser_tests/process_models/test_can_create_new_bpmn_dmn_json_files.py::test_can_create_new_bpmn_dmn_json_files - AssertionError: Filename input visible
FAILED browser_tests/tasks/test_can_complete_and_navigate_a_form.py::test_can_complete_and_navigate_a_form - playwright._impl._errors.TimeoutError: Locator.click: Timeout 30000ms exceeded.

